1495662619581	geckodriver	INFO	Listening on 127.0.0.1:53846
1495662619624	geckodriver::marionette	INFO	Starting browser /Applications/Firefox.app/Contents/MacOS/firefox-bin with args ["-marionette"]
1495662621209	Marionette	INFO	Listening on port 53853
1495662621285	Marionette	WARN	TLS certificate errors will be ignored for this session
2017-05-24 14:50:21.578 plugin-container[1404:81969] *** CFMessagePort: bootstrap_register(): failed 1100 (0x44c) 'Permission denied', port = 0x9c3b, name = 'com.apple.tsm.portname'
See /usr/include/servers/bootstrap_defs.h for the error codes.
2017-05-24 14:50:21.580 plugin-container[1404:81969] *** CFMessagePort: bootstrap_register(): failed 1100 (0x44c) 'Permission denied', port = 0x9f03, name = 'com.apple.CFPasteboardClient'
See /usr/include/servers/bootstrap_defs.h for the error codes.
1495662637630	Marionette	INFO	New connections will no longer be accepted
1495662683351	geckodriver	INFO	Listening on 127.0.0.1:53988
1495662683391	geckodriver::marionette	INFO	Starting browser /Applications/Firefox.app/Contents/MacOS/firefox-bin with args ["-marionette"]
1495662684953	Marionette	INFO	Listening on port 53995
1495662685123	Marionette	WARN	TLS certificate errors will be ignored for this session
2017-05-24 14:51:25.434 plugin-container[1420:83121] *** CFMessagePort: bootstrap_register(): failed 1100 (0x44c) 'Permission denied', port = 0x9c3b, name = 'com.apple.tsm.portname'
See /usr/include/servers/bootstrap_defs.h for the error codes.
2017-05-24 14:51:25.436 plugin-container[1420:83121] *** CFMessagePort: bootstrap_register(): failed 1100 (0x44c) 'Permission denied', port = 0x9f03, name = 'com.apple.CFPasteboardClient'
See /usr/include/servers/bootstrap_defs.h for the error codes.
1495662697527	Marionette	INFO	New connections will no longer be accepted
1691411367488	geckodriver	INFO	Listening on 127.0.0.1:60044
1691411367989	mozrunner::runner	INFO	Running command: MOZ_CRASHREPORTER="1" MOZ_CRASHREPORTER_NO_REPORT="1" MOZ_CRASHREPORTER_SHUTDOWN="1" MOZ_NO_REMOTE="1" "/App ... s" "localhost" "-foreground" "-no-remote" "-profile" "/var/folders/3n/6b3vsztx6mx4x9zwl_c_2g740000gp/T/rust_mozprofileSrWcHw"
1691411368775	Marionette	INFO	Marionette enabled
1691411369037	Marionette	INFO	Listening on port 60066
Read port: 60066
2023-08-07 15:29:29.314 plugin-container[58992:9257182] nil host used in call to allowsSpecificHTTPSCertificateForHost
2023-08-07 15:29:29.314 plugin-container[58992:9257182] nil host used in call to allowsAnyHTTPSCertificateForHost:
2023-08-07 15:29:29.320 plugin-container[58992:9257182] nil host used in call to allowsSpecificHTTPSCertificateForHost
2023-08-07 15:29:29.320 plugin-container[58992:9257182] nil host used in call to allowsAnyHTTPSCertificateForHost:
2023-08-07 15:29:29.321 plugin-container[58992:9257191] nil host used in call to allowsSpecificHTTPSCertificateForHost
2023-08-07 15:29:29.321 plugin-container[58992:9257191] nil host used in call to allowsAnyHTTPSCertificateForHost:
WebDriver BiDi listening on ws://127.0.0.1:60045
1691411369551	RemoteAgent	WARN	TLS certificate errors will be ignored for this session
console.warn: SearchSettings: "get: No settings file exists, new profile?" (new NotFoundError("Could not open the file at /var/folders/3n/6b3vsztx6mx4x9zwl_c_2g740000gp/T/rust_mozprofileSrWcHw/search.json.mozlz4", (void 0)))
DevTools listening on ws://127.0.0.1:60045/devtools/browser/adf60df0-ca66-4e28-ad1e-9c2e67226846
2023-08-07 12:29:34.489 plugin-container[59005:9257523] nil host used in call to allowsSpecificHTTPSCertificateForHost
2023-08-07 12:29:34.489 plugin-container[59005:9257523] nil host used in call to allowsAnyHTTPSCertificateForHost:
2023-08-07 12:29:34.497 plugin-container[59005:9257523] nil host used in call to allowsSpecificHTTPSCertificateForHost
2023-08-07 12:29:34.497 plugin-container[59005:9257523] nil host used in call to allowsAnyHTTPSCertificateForHost:
2023-08-07 12:29:34.498 plugin-container[59005:9257530] nil host used in call to allowsSpecificHTTPSCertificateForHost
2023-08-07 12:29:34.498 plugin-container[59005:9257530] nil host used in call to allowsAnyHTTPSCertificateForHost:
JavaScript warning: https://challenges.cloudflare.com/cdn-cgi/challenge-platform/h/g/orchestrate/chl_api/v1?ray=7f2f86bb1d8f925c, line 1: WEBGL_debug_renderer_info is deprecated in Firefox and will be removed. Please use RENDERER.
console.error: (new TypeError("lazy.AsyncShutdown.profileBeforeChange is undefined", "resource://services-settings/Database.jsm", 510))
[GFX1-]: Unrecognized feature ACCELERATED_CANVAS2D
1691416946033	Marionette	INFO	Stopped listening on port 60066
